<?xml version="1.0" encoding="UTF-8"?>
<!-- Generated by org.testng.reporters.JUnitXMLReporter -->
<testsuite ignored="16" hostname="SammyJ-Lptp" failures="0" tests="1" name="Default test" time="11.153" errors="0" timestamp="2020-12-08T13:30:34 EST">
  <testcase classname="theInternet.TheInternetTest" name="f" time="11.068"/>
  <testcase classname="theInternet.TheInternetTest" name="canSelectDropDownList" time="0.0">
    <ignored/>
  </testcase> <!-- canSelectDropDownList -->
  <testcase classname="theInternet.TheInternetTest" name="formAuthenticate" time="0.0">
    <ignored/>
  </testcase> <!-- formAuthenticate -->
  <testcase classname="theInternet.TheInternetTest" name="disappear" time="0.0">
    <ignored/>
  </testcase> <!-- disappear -->
  <testcase classname="theInternet.TheInternetTest" name="challenging" time="0.0">
    <ignored/>
  </testcase> <!-- challenging -->
  <testcase classname="theInternet.TheInternetTest" name="testBox" time="0.0">
    <ignored/>
  </testcase> <!-- testBox -->
  <testcase classname="theInternet.TheInternetTest" name="demoqaSite" time="0.0">
    <ignored/>
  </testcase> <!-- demoqaSite -->
  <testcase classname="theInternet.TheInternetTest" name="jsalert" time="0.0">
    <ignored/>
  </testcase> <!-- jsalert -->
  <testcase classname="theInternet.TheInternetTest" name="slid" time="0.0">
    <ignored/>
  </testcase> <!-- slid -->
  <testcase classname="theInternet.TheInternetTest" name="fileUp" time="0.0">
    <ignored/>
  </testcase> <!-- fileUp -->
  <testcase classname="theInternet.TheInternetTest" name="addRemove" time="0.0">
    <ignored/>
  </testcase> <!-- addRemove -->
  <testcase classname="theInternet.TheInternetTest" name="hove" time="0.0">
    <ignored/>
  </testcase> <!-- hove -->
  <testcase classname="theInternet.TheInternetTest" name="forgot" time="0.0">
    <ignored/>
  </testcase> <!-- forgot -->
  <testcase classname="theInternet.TheInternetTest" name="checkFrame" time="0.0">
    <ignored/>
  </testcase> <!-- checkFrame -->
  <testcase classname="theInternet.TheInternetTest" name="presses" time="0.0">
    <ignored/>
  </testcase> <!-- presses -->
  <testcase classname="theInternet.TheInternetTest" name="dynamic" time="0.0">
    <ignored/>
  </testcase> <!-- dynamic -->
  <testcase classname="theInternet.TheInternetTest" name="context" time="0.0">
    <ignored/>
  </testcase> <!-- context -->
</testsuite> <!-- Default test -->
