<?xml version="1.0" encoding="UTF-8"?>
<!-- Generated by org.testng.reporters.JUnitXMLReporter -->
<testsuite ignored="0" hostname="SammyJ-Lptp" failures="0" tests="3" name="Default test" time="0.077" errors="0" timestamp="2020-12-08T16:08:50 EST">
  <testcase classname="datadriven.ExcelDataProvider" name="setData" time="0.01"/>
  <testcase classname="datadriven.ExcelDataProvider" name="setData" time="0.003"/>
  <testcase classname="datadriven.ExcelDataProvider" name="setData" time="0.001"/>
</testsuite> <!-- Default test -->
